#
# A fatal error has been detected by the Java Runtime Environment:
#
#  SIGSEGV (0xb) at pc=0x00007fff957ad250, pid=49983, tid=1799
#
# JRE version: Java(TM) SE Runtime Environment (7.0_45-b18) (build 1.7.0_45-b18)
# Java VM: Java HotSpot(TM) 64-Bit Server VM (24.45-b08 mixed mode bsd-amd64 compressed oops)
# Problematic frame:
# C  [libobjc.A.dylib+0x6250]  objc_msgSend+0x10
#
# Failed to write core dump. Core dumps have been disabled. To enable core dumping, try "ulimit -c unlimited" before starting Java again
#
# If you would like to submit a bug report, please visit:
#   http://bugreport.sun.com/bugreport/crash.jsp
# The crash happened outside the Java Virtual Machine in native code.
# See problematic frame for where to report the bug.
#

---------------  T H R E A D  ---------------

Current thread (0x00007fe2360eb800):  JavaThread "AppKit Thread" daemon [_thread_in_native, id=1799, stack(0x00007fff517d8000,0x00007fff51fd8000)]

siginfo:si_signo=SIGSEGV: si_errno=0, si_code=0 (SEGV0), si_addr=0x0000000000000000

Registers:
RAX=0x00007fe234d3b050, RBX=0x00007fe233c38f08, RCX=0x00007fe23403d200, RDX=0x00007fe233c30a50
RSP=0x00007fff51fd3c00, RBP=0x00007fff51fd3d40, RSI=0x00007fff8fe2d4f6, RDI=0x00007fe234d3b050
R8 =0x00007fe234822040, R9 =0x0000000000000009, R10=0x0000000000000005, R11=0xf00007fe234d0003
R12=0x0000000000000001, R13=0x0000000000000000, R14=0x00007fe233c3bba0, R15=0x00007fe233c38f00
RIP=0x00007fff957ad250, EFLAGS=0x0000000000010246, ERR=0x0000000000000000
  TRAPNO=0x000000000000000d

Top of Stack: (sp=0x00007fff51fd3c00)
0x00007fff51fd3c00:   00007fe234d3b050 00007fff8cb69eda
0x00007fff51fd3c10:   0000000000000002 00007fff7b99dd4c
0x00007fff51fd3c20:   0000000000000000 00007fe234822040
0x00007fff51fd3c30:   00000000000f42e0 0000000000000002
0x00007fff51fd3c40:   00007fe233c30a50 00007fe234d3b890
0x00007fff51fd3c50:   00007fe234d3b5d0 0000000000000002
0x00007fff51fd3c60:   00007fe233c38f00 0000000000000000
0x00007fff51fd3c70:   0000000000000053 00007fe234822030
0x00007fff51fd3c80:   0000000000000000 0000000000000051
0x00007fff51fd3c90:   00007fff7a94d0e0 0000000042000000
0x00007fff51fd3ca0:   00007fff8cc135b0 00007fff7a79bd60
0x00007fff51fd3cb0:   00007fe234822030 0000000000000051
0x00007fff51fd3cc0:   0000000000000000 00000000000f42de
0x00007fff51fd3cd0:   00007fe233c35640 00007fe233c30a50
0x00007fff51fd3ce0:   000000000000000e 0000000000000000
0x00007fff51fd3cf0:   00007fe234d3b5d0 0000000000000000
0x00007fff51fd3d00:   00007fff51fd3d40 00007fff9527e8a3
0x00007fff51fd3d10:   00007fe234d12890 00007fe233c30a50
0x00007fff51fd3d20:   00007fff957ad240 00007fe2348606d0
0x00007fff51fd3d30:   00007fe234d12890 0000000000000000
0x00007fff51fd3d40:   00007fff51fd3d60 00007fff9527e7b6
0x00007fff51fd3d50:   00007fe234d3b5d0 0000000000000000
0x00007fff51fd3d60:   00007fff51fd3d90 00007fff8f650b82
0x00007fff51fd3d70:   00007fe234d3b5d0 00007fff957ad240
0x00007fff51fd3d80:   0000000000000000 0000000000000000
0x00007fff51fd3d90:   00007fff51fd3dd0 00007fff8f65053e
0x00007fff51fd3da0:   00007fe234d3b5d0 00007fff957ad240
0x00007fff51fd3db0:   00007fff957ad240 00007fe2348606d0
0x00007fff51fd3dc0:   00007fe2348606d0 0000000000000000
0x00007fff51fd3dd0:   00007fff51fd3f90 00007fff8f5800de
0x00007fff51fd3de0:   000100015f3d2b98 00007fe2348606d0
0x00007fff51fd3df0:   00007fff51fd3e30 00007fff924250d5 

Instructions: (pc=0x00007fff957ad250)
0x00007fff957ad230:   90 90 90 90 90 90 90 90 90 90 90 90 90 90 90 90
0x00007fff957ad240:   48 85 ff 74 2b 40 f6 c7 01 2e 75 3b 4c 8b 1f 50
0x00007fff957ad250:   4d 8b 53 10 89 f0 41 23 02 4d 8b 5c c2 10 ff c0
0x00007fff957ad260:   4d 85 db 74 36 49 3b 33 75 ec 58 41 ff 63 10 90 

Register to memory mapping:

RAX=0x00007fe234d3b050 is an unknown value
RBX=0x00007fe233c38f08 is an unknown value
RCX=0x00007fe23403d200 is an unknown value
RDX=0x00007fe233c30a50 is an unknown value
RSP=0x00007fff51fd3c00 is pointing into the stack for thread: 0x00007fe2360eb800
RBP=0x00007fff51fd3d40 is pointing into the stack for thread: 0x00007fe2360eb800
RSI=0x00007fff8fe2d4f6: NSAppKitVersionNumber+0x4f916 in /System/Library/Frameworks/AppKit.framework/Versions/C/AppKit at 0x00007fff8f461000
RDI=0x00007fe234d3b050 is an unknown value
R8 =0x00007fe234822040 is an unknown value
R9 =0x0000000000000009 is an unknown value
R10=0x0000000000000005 is an unknown value
R11=0xf00007fe234d0003 is an unknown value
R12=0x0000000000000001 is an unknown value
R13=0x0000000000000000 is an unknown value
R14=0x00007fe233c3bba0 is an unknown value
R15=0x00007fe233c38f00 is an unknown value


Stack: [0x00007fff517d8000,0x00007fff51fd8000],  sp=0x00007fff51fd3c00,  free space=8175k
Native frames: (J=compiled Java code, j=interpreted, Vv=VM code, C=native code)
C  [libobjc.A.dylib+0x6250]  objc_msgSend+0x10
C  [Foundation+0x497b6]  -[NSNotificationCenter postNotificationName:object:userInfo:]+0x40
C  [AppKit+0x1efb82]  -[NSSurface _disposeSurface]+0x98
C  [AppKit+0x1ef53e]  -[NSSurface setWindow:]+0x3c
C  [AppKit+0x11f0de]  -[NSView _setWindow:]+0x8db
C  [AppKit+0x12c2b0]  -[NSView removeFromSuperview]+0x1b7
C  [AppKit+0x259a4f]  -[NSView removeFromSuperviewWithoutNeedingDisplay]+0x27
C  [liblwjgl.jnilib+0x936e]  +[MacOSXKeyableWindow destroyWindow]+0xde
C  [Foundation+0x935ca]  __NSThreadPerformPerform+0xe1
C  [CoreFoundation+0x12b31]  __CFRUNLOOP_IS_CALLING_OUT_TO_A_SOURCE0_PERFORM_FUNCTION__+0x11
C  [CoreFoundation+0x12455]  __CFRunLoopDoSources0+0xf5
C  [CoreFoundation+0x357f5]  __CFRunLoopRun+0x315
C  [CoreFoundation+0x350e2]  CFRunLoopRunSpecific+0x122
C  [HIToolbox+0x5feb4]  RunCurrentEventLoopInMode+0xd1
C  [HIToolbox+0x5fc52]  ReceiveNextEventCommon+0x164
C  [HIToolbox+0x5fae3]  BlockUntilNextEventMatchingListInMode+0x3e
C  [AppKit+0x155533]  _DPSNextEvent+0x2ad
C  [AppKit+0x154df2]  -[NSApplication nextEventMatchingMask:untilDate:inMode:dequeue:]+0x80
C  [libosxapp.dylib+0x16f4]  -[NSApplicationAWT nextEventMatchingMask:untilDate:inMode:dequeue:]+0x7c
C  [AppKit+0x14c1a3]  -[NSApplication run]+0x205
C  [libosxapp.dylib+0x1557]  +[NSApplicationAWT runAWTLoopWithApp:]+0x9c
C  [liblwawt.dylib+0xdba9]  -[AWTStarter starter:]+0x369
C  [Foundation+0x935ca]  __NSThreadPerformPerform+0xe1
C  [CoreFoundation+0x12b31]  __CFRUNLOOP_IS_CALLING_OUT_TO_A_SOURCE0_PERFORM_FUNCTION__+0x11
C  [CoreFoundation+0x12455]  __CFRunLoopDoSources0+0xf5
C  [CoreFoundation+0x357f5]  __CFRunLoopRun+0x315
C  [CoreFoundation+0x350e2]  CFRunLoopRunSpecific+0x122
C  [java+0x73b0]  CreateExecutionEnvironment+0x367
C  [java+0x1b5c]  JLI_Launch+0x7a0
C  [java+0x770d]  main+0x65
C  [java+0x13b4]  start+0x34


---------------  P R O C E S S  ---------------

Java Threads: ( => current thread )
  0x00007fe23401b000 JavaThread "AWT-Shutdown" [_thread_blocked, id=18191, stack(0x0000000160d8a000,0x0000000160e8a000)]
=>0x00007fe2360eb800 JavaThread "AppKit Thread" daemon [_thread_in_native, id=1799, stack(0x00007fff517d8000,0x00007fff51fd8000)]
  0x00007fe235870800 JavaThread "Service Thread" daemon [_thread_blocked, id=23811, stack(0x000000015b45f000,0x000000015b55f000)]
  0x00007fe235854000 JavaThread "C2 CompilerThread1" daemon [_thread_blocked, id=23299, stack(0x000000015b35c000,0x000000015b45c000)]
  0x00007fe235867000 JavaThread "C2 CompilerThread0" daemon [_thread_blocked, id=22787, stack(0x000000015b259000,0x000000015b359000)]
  0x00007fe235860000 JavaThread "Signal Dispatcher" daemon [_thread_blocked, id=20263, stack(0x000000015b156000,0x000000015b256000)]
  0x00007fe235853000 JavaThread "Finalizer" daemon [_thread_blocked, id=16899, stack(0x000000015ae01000,0x000000015af01000)]
  0x00007fe235850000 JavaThread "Reference Handler" daemon [_thread_blocked, id=16387, stack(0x000000015acfe000,0x000000015adfe000)]
  0x00007fe235801000 JavaThread "main" [_thread_in_native, id=6403, stack(0x000000010e7a9000,0x000000010e8a9000)]

Other Threads:
  0x00007fe23584f800 VMThread [stack: 0x000000015abfb000,0x000000015acfb000] [id=15875]
  0x00007fe235879800 WatcherThread [stack: 0x000000015b562000,0x000000015b662000] [id=24323]

VM state:not at safepoint (normal execution)

VM Mutex/Monitor currently owned by a thread: None

Heap
 PSYoungGen      total 19456K, used 9197K [0x0000000141780000, 0x0000000142d00000, 0x0000000156d00000)
  eden space 16896K, 54% used [0x0000000141780000,0x000000014207b790,0x0000000142800000)
  from space 2560K, 0% used [0x0000000142a80000,0x0000000142a80000,0x0000000142d00000)
  to   space 2560K, 0% used [0x0000000142800000,0x0000000142800000,0x0000000142a80000)
 ParOldGen       total 43520K, used 0K [0x0000000116d00000, 0x0000000119780000, 0x0000000141780000)
  object space 43520K, 0% used [0x0000000116d00000,0x0000000116d00000,0x0000000119780000)
 PSPermGen       total 21504K, used 5834K [0x0000000111b00000, 0x0000000113000000, 0x0000000116d00000)
  object space 21504K, 27% used [0x0000000111b00000,0x00000001120b28a8,0x0000000113000000)

Card table byte_map: [0x0000000156d00000,0x0000000156f2a000] byte_map_base: 0x0000000156472800

Polling page: 0x000000010e8e8000

Code Cache  [0x000000010e97e000, 0x000000010ebee000, 0x000000011197e000)
 total_blobs=447 nmethods=118 adapters=283 free_code_cache=48496Kb largest_free_block=49639552

Compilation events (10 events):
Event: 11.445 Thread 0x00007fe235867000  113             org.lwjgl.opengl.GL11::glCallList (19 bytes)
Event: 11.448 Thread 0x00007fe235867000 nmethod 113 0x000000010ea22c90 code [0x000000010ea22de0, 0x000000010ea22ee8]
Event: 14.871 Thread 0x00007fe235854000  115             java.lang.String::getChars (62 bytes)
Event: 14.873 Thread 0x00007fe235854000 nmethod 115 0x000000010ea22890 code [0x000000010ea229e0, 0x000000010ea22b18]
Event: 14.889 Thread 0x00007fe235867000  116             java.lang.AbstractStringBuilder::append (48 bytes)
Event: 14.894 Thread 0x00007fe235867000 nmethod 116 0x000000010ea22010 code [0x000000010ea22180, 0x000000010ea22578]
Event: 15.757 Thread 0x00007fe235854000  117             java.lang.StringBuilder::append (8 bytes)
Event: 15.763 Thread 0x00007fe235854000 nmethod 117 0x000000010ea10650 code [0x000000010ea107c0, 0x000000010ea10b98]
Event: 17.843 Thread 0x00007fe235867000  118             java.lang.AbstractStringBuilder::<init> (12 bytes)
Event: 17.845 Thread 0x00007fe235867000 nmethod 118 0x000000010ea0da50 code [0x000000010ea0dba0, 0x000000010ea0dcb8]

GC Heap History (0 events):
No events

Deoptimization events (1 events):
Event: 0.990 Thread 0x00007fe235801000 Uncommon trap: reason=unloaded action=reinterpret pc=0x000000010e9fcf10 method=java.io.BufferedReader.readLine(Z)Ljava/lang/String; @ 268

Internal exceptions (10 events):
Event: 0.929 Thread 0x00007fe235801000 Threw 0x0000000141da9468 at /HUDSON/workspace/7u-2-build-macosx-x86_64/jdk7u45/229/hotspot/src/share/vm/prims/jvm.cpp:1244
Event: 0.935 Thread 0x00007fe235801000 Threw 0x0000000141db75d0 at /HUDSON/workspace/7u-2-build-macosx-x86_64/jdk7u45/229/hotspot/src/share/vm/prims/jvm.cpp:1244
Event: 0.954 Thread 0x00007fe235801000 Threw 0x0000000141dbdda8 at /HUDSON/workspace/7u-2-build-macosx-x86_64/jdk7u45/229/hotspot/src/share/vm/prims/jvm.cpp:1244
Event: 0.959 Thread 0x00007fe235801000 Threw 0x0000000141dd96e0 at /HUDSON/workspace/7u-2-build-macosx-x86_64/jdk7u45/229/hotspot/src/share/vm/prims/jvm.cpp:1244
Event: 1.000 Thread 0x00007fe235801000 Threw 0x0000000141e1c420 at /HUDSON/workspace/7u-2-build-macosx-x86_64/jdk7u45/229/hotspot/src/share/vm/prims/jvm.cpp:1244
Event: 1.001 Thread 0x00007fe235801000 Threw 0x0000000141e1d770 at /HUDSON/workspace/7u-2-build-macosx-x86_64/jdk7u45/229/hotspot/src/share/vm/prims/jvm.cpp:1244
Event: 1.001 Thread 0x00007fe235801000 Threw 0x0000000141e1d918 at /HUDSON/workspace/7u-2-build-macosx-x86_64/jdk7u45/229/hotspot/src/share/vm/classfile/systemDictionary.cpp:174
Event: 1.004 Thread 0x00007fe235801000 Threw 0x0000000141e1fb68 at /HUDSON/workspace/7u-2-build-macosx-x86_64/jdk7u45/229/hotspot/src/share/vm/prims/jvm.cpp:1244
Event: 1.007 Thread 0x00007fe235801000 Threw 0x0000000141e27a70 at /HUDSON/workspace/7u-2-build-macosx-x86_64/jdk7u45/229/hotspot/src/share/vm/prims/jvm.cpp:1244
Event: 18.027 Thread 0x00007fe235801000 Threw 0x0000000142047278 at /HUDSON/workspace/7u-2-build-macosx-x86_64/jdk7u45/229/hotspot/src/share/vm/prims/jvm.cpp:1244

Events (10 events):
Event: 2.093 loading class 0x00007fe23603ab70 done
Event: 2.093 loading class 0x00007fe23603ab00 done
Event: 2.093 Thread 0x00007fe2360e7000 Thread exited: 0x00007fe2360e7000
Event: 4.185 Executing VM operation: EnableBiasedLocking
Event: 4.185 Executing VM operation: EnableBiasedLocking done
Event: 11.400 loading class 0x000000015999f560
Event: 11.400 loading class 0x000000015999f560 done
Event: 15.423 Thread 0x00007fe23401b000 Thread added: 0x00007fe23401b000
Event: 18.027 loading class 0x00007fe2348773a0
Event: 18.027 loading class 0x00007fe2348773a0 done


Dynamic libraries:
0x000000000a067000 	/System/Library/Frameworks/Cocoa.framework/Versions/A/Cocoa
0x000000000a067000 	/System/Library/Frameworks/Security.framework/Versions/A/Security
0x000000000a067000 	/System/Library/Frameworks/ApplicationServices.framework/Versions/A/ApplicationServices
0x000000000a067000 	/usr/lib/libz.1.dylib
0x000000000a067000 	/usr/lib/libSystem.B.dylib
0x000000000a067000 	/usr/lib/libobjc.A.dylib
0x000000000a067000 	/System/Library/Frameworks/CoreFoundation.framework/Versions/A/CoreFoundation
0x000000000a067000 	/System/Library/Frameworks/Foundation.framework/Versions/C/Foundation
0x000000000a067000 	/System/Library/Frameworks/AppKit.framework/Versions/C/AppKit
0x000000000a067000 	/System/Library/Frameworks/CoreData.framework/Versions/A/CoreData
0x000000000a067000 	/System/Library/PrivateFrameworks/RemoteViewServices.framework/Versions/A/RemoteViewServices
0x000000000a067000 	/System/Library/Frameworks/AudioToolbox.framework/Versions/A/AudioToolbox
0x000000000a067000 	/System/Library/Frameworks/AudioUnit.framework/Versions/A/AudioUnit
0x000000000a067000 	/System/Library/PrivateFrameworks/DataDetectorsCore.framework/Versions/A/DataDetectorsCore
0x000000000a067000 	/System/Library/PrivateFrameworks/DesktopServicesPriv.framework/Versions/A/DesktopServicesPriv
0x000000000a067000 	/System/Library/Frameworks/Carbon.framework/Versions/A/Frameworks/HIToolbox.framework/Versions/A/HIToolbox
0x000000000a067000 	/System/Library/Frameworks/QuartzCore.framework/Versions/A/QuartzCore
0x000000000a067000 	/System/Library/Frameworks/Carbon.framework/Versions/A/Frameworks/SpeechRecognition.framework/Versions/A/SpeechRecognition
0x000000000a067000 	/usr/lib/libauto.dylib
0x000000000a067000 	/usr/lib/libicucore.A.dylib
0x000000000a067000 	/usr/lib/libxml2.2.dylib
0x000000000a067000 	/System/Library/PrivateFrameworks/CoreUI.framework/Versions/A/CoreUI
0x000000000a067000 	/System/Library/Frameworks/CoreAudio.framework/Versions/A/CoreAudio
0x000000000a067000 	/System/Library/Frameworks/DiskArbitration.framework/Versions/A/DiskArbitration
0x000000000a067000 	/usr/lib/liblangid.dylib
0x000000000a067000 	/System/Library/PrivateFrameworks/MultitouchSupport.framework/Versions/A/MultitouchSupport
0x000000000a067000 	/System/Library/Frameworks/IOKit.framework/Versions/A/IOKit
0x000000000a067000 	/usr/lib/libDiagnosticMessagesClient.dylib
0x000000000a067000 	/System/Library/Frameworks/CoreServices.framework/Versions/A/CoreServices
0x000000000a067000 	/System/Library/PrivateFrameworks/PerformanceAnalysis.framework/Versions/A/PerformanceAnalysis
0x000000000a067000 	/System/Library/PrivateFrameworks/GenerationalStorage.framework/Versions/A/GenerationalStorage
0x000000000a067000 	/System/Library/Frameworks/OpenGL.framework/Versions/A/OpenGL
0x000000000a067000 	/System/Library/Frameworks/CoreText.framework/Versions/A/CoreText
0x000000000a067000 	/System/Library/Frameworks/ImageIO.framework/Versions/A/ImageIO
0x000000000a067000 	/System/Library/PrivateFrameworks/Backup.framework/Versions/A/Backup
0x000000000a067000 	/System/Library/Frameworks/CFNetwork.framework/Versions/A/CFNetwork
0x000000000a067000 	/System/Library/Frameworks/SystemConfiguration.framework/Versions/A/SystemConfiguration
0x000000000a067000 	/usr/lib/libCRFSuite.dylib
0x000000000a067000 	/System/Library/PrivateFrameworks/TCC.framework/Versions/A/TCC
0x000000000a067000 	/usr/lib/libc++.1.dylib
0x000000000a067000 	/usr/lib/libc++abi.dylib
0x000000000a067000 	/usr/lib/system/libcache.dylib
0x000000000a067000 	/usr/lib/system/libcommonCrypto.dylib
0x000000000a067000 	/usr/lib/system/libcompiler_rt.dylib
0x000000000a067000 	/usr/lib/system/libcopyfile.dylib
0x000000000a067000 	/usr/lib/system/libdispatch.dylib
0x000000000a067000 	/usr/lib/system/libdnsinfo.dylib
0x000000000a067000 	/usr/lib/system/libdyld.dylib
0x000000000a067000 	/usr/lib/system/libkeymgr.dylib
0x000000000a067000 	/usr/lib/system/liblaunch.dylib
0x000000000a067000 	/usr/lib/system/libmacho.dylib
0x000000000a067000 	/usr/lib/system/libquarantine.dylib
0x000000000a067000 	/usr/lib/system/libremovefile.dylib
0x000000000a067000 	/usr/lib/system/libsystem_blocks.dylib
0x000000000a067000 	/usr/lib/system/libsystem_c.dylib
0x000000000a067000 	/usr/lib/system/libsystem_dnssd.dylib
0x000000000a067000 	/usr/lib/system/libsystem_info.dylib
0x000000000a067000 	/usr/lib/system/libsystem_kernel.dylib
0x000000000a067000 	/usr/lib/system/libsystem_m.dylib
0x000000000a067000 	/usr/lib/system/libsystem_network.dylib
0x000000000a067000 	/usr/lib/system/libsystem_notify.dylib
0x000000000a067000 	/usr/lib/system/libsystem_sandbox.dylib
0x000000000a067000 	/usr/lib/system/libunc.dylib
0x000000000a067000 	/usr/lib/system/libunwind.dylib
0x000000000a067000 	/usr/lib/system/libxpc.dylib
0x000000000a067000 	/usr/lib/system/libcorecrypto.dylib
0x000000000a067000 	/usr/lib/libstdc++.6.dylib
0x000000000a067000 	/usr/lib/libbsm.0.dylib
0x000000000a067000 	/usr/lib/libsqlite3.dylib
0x000000000a067000 	/usr/lib/libxar.1.dylib
0x000000000a067000 	/usr/lib/libpam.2.dylib
0x000000000a067000 	/usr/lib/libOpenScriptingUtil.dylib
0x000000000a067000 	/usr/lib/libbz2.1.0.dylib
0x000000000a067000 	/System/Library/Frameworks/CoreServices.framework/Versions/A/Frameworks/CarbonCore.framework/Versions/A/CarbonCore
0x000000000a067000 	/System/Library/Frameworks/CoreServices.framework/Versions/A/Frameworks/Metadata.framework/Versions/A/Metadata
0x000000000a067000 	/System/Library/Frameworks/CoreServices.framework/Versions/A/Frameworks/OSServices.framework/Versions/A/OSServices
0x000000000a067000 	/System/Library/Frameworks/CoreServices.framework/Versions/A/Frameworks/SearchKit.framework/Versions/A/SearchKit
0x000000000a067000 	/System/Library/Frameworks/CoreServices.framework/Versions/A/Frameworks/AE.framework/Versions/A/AE
0x000000000a067000 	/System/Library/Frameworks/CoreServices.framework/Versions/A/Frameworks/LaunchServices.framework/Versions/A/LaunchServices
0x000000000a067000 	/System/Library/Frameworks/CoreServices.framework/Versions/A/Frameworks/DictionaryServices.framework/Versions/A/DictionaryServices
0x000000000a067000 	/System/Library/Frameworks/NetFS.framework/Versions/A/NetFS
0x000000000a067000 	/usr/lib/system/libkxld.dylib
0x000000000a067000 	/System/Library/PrivateFrameworks/NetAuth.framework/Versions/A/NetAuth
0x000000000a067000 	/System/Library/Frameworks/OpenDirectory.framework/Versions/A/Frameworks/CFOpenDirectory.framework/Versions/A/CFOpenDirectory
0x000000000a067000 	/usr/lib/libxslt.1.dylib
0x000000000a067000 	/System/Library/PrivateFrameworks/FamilyControls.framework/Versions/A/FamilyControls
0x000000000a067000 	/System/Library/Frameworks/Carbon.framework/Versions/A/Frameworks/Ink.framework/Versions/A/Ink
0x000000000a067000 	/System/Library/Frameworks/ApplicationServices.framework/Versions/A/Frameworks/CoreGraphics.framework/Versions/A/CoreGraphics
0x000000000a067000 	/System/Library/Frameworks/ApplicationServices.framework/Versions/A/Frameworks/ATS.framework/Versions/A/ATS
0x000000000a067000 	/System/Library/Frameworks/ApplicationServices.framework/Versions/A/Frameworks/ColorSync.framework/Versions/A/ColorSync
0x000000000a067000 	/System/Library/Frameworks/ApplicationServices.framework/Versions/A/Frameworks/HIServices.framework/Versions/A/HIServices
0x000000000a067000 	/System/Library/Frameworks/ApplicationServices.framework/Versions/A/Frameworks/LangAnalysis.framework/Versions/A/LangAnalysis
0x000000000a067000 	/System/Library/Frameworks/ApplicationServices.framework/Versions/A/Frameworks/PrintCore.framework/Versions/A/PrintCore
0x000000000a067000 	/System/Library/Frameworks/ApplicationServices.framework/Versions/A/Frameworks/QD.framework/Versions/A/QD
0x000000000a067000 	/System/Library/Frameworks/ApplicationServices.framework/Versions/A/Frameworks/SpeechSynthesis.framework/Versions/A/SpeechSynthesis
0x000000000a067000 	/System/Library/Frameworks/IOSurface.framework/Versions/A/IOSurface
0x000000000a067000 	/System/Library/Frameworks/Accelerate.framework/Versions/A/Accelerate
0x000000000a067000 	/System/Library/Frameworks/ApplicationServices.framework/Versions/A/Frameworks/ATS.framework/Versions/A/Resources/libFontParser.dylib
0x000000000a067000 	/System/Library/Frameworks/ApplicationServices.framework/Versions/A/Frameworks/ATS.framework/Versions/A/Resources/libFontRegistry.dylib
0x000000000a067000 	/System/Library/Frameworks/Accelerate.framework/Versions/A/Frameworks/vImage.framework/Versions/A/vImage
0x000000000a067000 	/System/Library/Frameworks/Accelerate.framework/Versions/A/Frameworks/vecLib.framework/Versions/A/vecLib
0x000000000a067000 	/System/Library/Frameworks/Accelerate.framework/Versions/A/Frameworks/vecLib.framework/Versions/A/libvDSP.dylib
0x000000000a067000 	/System/Library/Frameworks/Accelerate.framework/Versions/A/Frameworks/vecLib.framework/Versions/A/libvMisc.dylib
0x000000000a067000 	/System/Library/Frameworks/Accelerate.framework/Versions/A/Frameworks/vecLib.framework/Versions/A/libLAPACK.dylib
0x000000000a067000 	/System/Library/Frameworks/Accelerate.framework/Versions/A/Frameworks/vecLib.framework/Versions/A/libBLAS.dylib
0x000000000a067000 	/System/Library/Frameworks/ImageIO.framework/Versions/A/Resources/libJPEG.dylib
0x000000000a067000 	/System/Library/Frameworks/ImageIO.framework/Versions/A/Resources/libTIFF.dylib
0x000000000a067000 	/System/Library/Frameworks/ImageIO.framework/Versions/A/Resources/libPng.dylib
0x000000000a067000 	/System/Library/Frameworks/ImageIO.framework/Versions/A/Resources/libGIF.dylib
0x000000000a067000 	/System/Library/Frameworks/ImageIO.framework/Versions/A/Resources/libJP2.dylib
0x000000000a067000 	/System/Library/Frameworks/ImageIO.framework/Versions/A/Resources/libRadiance.dylib
0x000000000a067000 	/usr/lib/libcups.2.dylib
0x000000000a067000 	/System/Library/Frameworks/Kerberos.framework/Versions/A/Kerberos
0x000000000a067000 	/System/Library/Frameworks/GSS.framework/Versions/A/GSS
0x000000000a067000 	/usr/lib/libresolv.9.dylib
0x000000000a067000 	/usr/lib/libiconv.2.dylib
0x000000000a067000 	/System/Library/PrivateFrameworks/Heimdal.framework/Versions/A/Heimdal
0x000000000a067000 	/System/Library/PrivateFrameworks/TrustEvaluationAgent.framework/Versions/A/TrustEvaluationAgent
0x000000000a067000 	/System/Library/Frameworks/OpenDirectory.framework/Versions/A/OpenDirectory
0x000000000a067000 	/System/Library/PrivateFrameworks/CommonAuth.framework/Versions/A/CommonAuth
0x000000000a067000 	/System/Library/PrivateFrameworks/Bom.framework/Versions/A/Bom
0x000000000a067000 	/System/Library/Frameworks/CoreVideo.framework/Versions/A/CoreVideo
0x000000000a067000 	/System/Library/Frameworks/QuartzCore.framework/Versions/A/Frameworks/CoreImage.framework/Versions/A/CoreImage
0x000000000a067000 	/System/Library/Frameworks/QuartzCore.framework/Versions/A/Frameworks/ScalableUserInterface.framework/Versions/A/ScalableUserInterface
0x000000000a067000 	/System/Library/Frameworks/OpenGL.framework/Versions/A/Libraries/libGLU.dylib
0x000000000a067000 	/System/Library/Frameworks/OpenGL.framework/Versions/A/Libraries/libGFXShared.dylib
0x000000000a067000 	/System/Library/Frameworks/OpenGL.framework/Versions/A/Libraries/libGL.dylib
0x000000000a067000 	/System/Library/Frameworks/OpenGL.framework/Versions/A/Libraries/libGLImage.dylib
0x000000000a067000 	/System/Library/Frameworks/OpenGL.framework/Versions/A/Libraries/libCVMSPluginSupport.dylib
0x000000000a067000 	/System/Library/Frameworks/OpenGL.framework/Versions/A/Libraries/libCoreVMClient.dylib
0x000000000a067000 	/System/Library/PrivateFrameworks/CrashReporterSupport.framework/Versions/A/CrashReporterSupport
0x000000000a067000 	/System/Library/Frameworks/OpenCL.framework/Versions/A/OpenCL
0x000000000a067000 	/System/Library/PrivateFrameworks/FaceCoreLight.framework/Versions/A/FaceCoreLight
0x000000000a067000 	/System/Library/PrivateFrameworks/AppleFSCompression.framework/Versions/A/AppleFSCompression
0x000000000a067000 	/System/Library/PrivateFrameworks/Ubiquity.framework/Versions/A/Ubiquity
0x000000000a067000 	/System/Library/Frameworks/ServiceManagement.framework/Versions/A/ServiceManagement
0x000000000a067000 	/System/Library/PrivateFrameworks/ChunkingLibrary.framework/Versions/A/ChunkingLibrary
0x000000000a067000 	/System/Library/Frameworks/vecLib.framework/Versions/A/vecLib
0x000000000a067000 	/System/Library/Frameworks/SecurityFoundation.framework/Versions/A/SecurityFoundation
0x000000000a067000 	/System/Library/PrivateFrameworks/CommerceKit.framework/Versions/A/Frameworks/CommerceCore.framework/Versions/A/CommerceCore
0x000000000a067000 	/System/Library/PrivateFrameworks/CoreSymbolication.framework/Versions/A/CoreSymbolication
0x000000000a067000 	/System/Library/PrivateFrameworks/Symbolication.framework/Versions/A/Symbolication
0x000000000a067000 	/System/Library/PrivateFrameworks/DebugSymbols.framework/Versions/A/DebugSymbols
0x000000010dd55000 	/Library/Java/JavaVirtualMachines/jdk1.7.0_45.jdk/Contents/Home/jre/lib/server/libjvm.dylib
0x000000010e8ab000 	/Library/Java/JavaVirtualMachines/jdk1.7.0_45.jdk/Contents/Home/jre/lib/libverify.dylib
0x000000010e8b8000 	/Library/Java/JavaVirtualMachines/jdk1.7.0_45.jdk/Contents/Home/jre/lib/libjava.dylib
0x000000010e975000 	/Library/Java/JavaVirtualMachines/jdk1.7.0_45.jdk/Contents/Home/jre/lib/libzip.dylib
0x000000015af03000 	/System/Library/Frameworks/JavaVM.framework/Frameworks/JavaRuntimeSupport.framework/JavaRuntimeSupport
0x000000015af1b000 	/System/Library/Frameworks/JavaVM.framework/Versions/A/Frameworks/JavaNativeFoundation.framework/Versions/A/JavaNativeFoundation
0x000000015af30000 	/System/Library/Frameworks/JavaVM.framework/Versions/A/JavaVM
0x000000000a067000 	/System/Library/Frameworks/Carbon.framework/Versions/A/Carbon
0x000000015af3d000 	/System/Library/PrivateFrameworks/JavaLaunching.framework/Versions/A/JavaLaunching
0x000000000a067000 	/System/Library/Frameworks/Carbon.framework/Versions/A/Frameworks/CommonPanels.framework/Versions/A/CommonPanels
0x000000000a067000 	/System/Library/Frameworks/Carbon.framework/Versions/A/Frameworks/Help.framework/Versions/A/Help
0x000000000a067000 	/System/Library/Frameworks/Carbon.framework/Versions/A/Frameworks/ImageCapture.framework/Versions/A/ImageCapture
0x000000000a067000 	/System/Library/Frameworks/Carbon.framework/Versions/A/Frameworks/OpenScripting.framework/Versions/A/OpenScripting
0x000000000a067000 	/System/Library/Frameworks/Carbon.framework/Versions/A/Frameworks/Print.framework/Versions/A/Print
0x000000000a067000 	/System/Library/Frameworks/Carbon.framework/Versions/A/Frameworks/SecurityHI.framework/Versions/A/SecurityHI
0x000000015b700000 	/Library/Java/JavaVirtualMachines/jdk1.7.0_45.jdk/Contents/Home/jre/lib/libawt.dylib
0x000000015b7af000 	/Library/Java/JavaVirtualMachines/jdk1.7.0_45.jdk/Contents/Home/jre/lib/./libmlib_image.dylib
0x000000015b87b000 	/Library/Java/JavaVirtualMachines/jdk1.7.0_45.jdk/Contents/Home/jre/lib/lwawt/liblwawt.dylib
0x000000015b92f000 	/Library/Java/JavaVirtualMachines/jdk1.7.0_45.jdk/Contents/Home/jre/lib/libosxapp.dylib
0x000000015b949000 	/System/Library/Frameworks/ExceptionHandling.framework/Versions/A/ExceptionHandling
0x000000000a067000 	/System/Library/PrivateFrameworks/CoreServicesInternal.framework/Versions/A/CoreServicesInternal
0x000000000a067000 	/System/Library/PrivateFrameworks/Librarian.framework/Versions/A/Librarian
0x000000000a067000 	/System/Library/Frameworks/ApplicationServices.framework/Versions/A/Frameworks/CoreGraphics.framework/Versions/A/Resources/libCSync.A.dylib
0x000000000a067000 	/System/Library/Frameworks/ApplicationServices.framework/Versions/A/Frameworks/CoreGraphics.framework/Versions/A/Resources/libRIP.A.dylib
0x000000000a067000 	/System/Library/Frameworks/ApplicationServices.framework/Versions/A/Frameworks/CoreGraphics.framework/Versions/A/Resources/libCGXType.A.dylib
0x000000015f333000 	/Library/Java/JavaVirtualMachines/jdk1.7.0_45.jdk/Contents/Home/jre/lib/libfontmanager.dylib
0x000000015f397000 	/Users/Ahoang/Desktop/SLICK_HOME/slick/liblwjgl.jnilib
0x000000015db17000 	/Library/Java/JavaVirtualMachines/jdk1.7.0_45.jdk/Contents/Home/jre/lib/libjawt.dylib
0x000000015db1a000 	/Library/Java/JavaVirtualMachines/jdk1.7.0_45.jdk/Contents/Home/jre/lib/libnio.dylib
0x000000015db29000 	/Library/Java/JavaVirtualMachines/jdk1.7.0_45.jdk/Contents/Home/jre/lib/./libnet.dylib
0x000000015f45a000 	/System/Library/Frameworks/OpenGL.framework/Resources/GLEngine.bundle/GLEngine
0x000000015f64f000 	/System/Library/Frameworks/OpenGL.framework/Versions/A/Libraries/libGLProgrammability.dylib
0x000000015f7f7000 	/System/Library/Extensions/AppleIntelHD3000GraphicsGLDriver.bundle/Contents/MacOS/AppleIntelHD3000GraphicsGLDriver
0x000000015fce4000 	/System/Library/PrivateFrameworks/GPUSupport.framework/Versions/A/Libraries/libGPUSupport.dylib
0x000000015fcf8000 	/System/Library/Frameworks/OpenGL.framework/Resources//GLRendererFloat.bundle/GLRendererFloat
0x000000015fd2c000 	/System/Library/Frameworks/OpenCL.framework/Versions/A/Libraries/libcldcpuengine.dylib
0x000000000a067000 	/System/Library/PrivateFrameworks/DiskImages.framework/Versions/A/DiskImages
0x000000000a067000 	/System/Library/Frameworks/DiscRecording.framework/Versions/A/DiscRecording
0x000000000a067000 	/usr/lib/libcurl.4.dylib
0x000000000a067000 	/System/Library/PrivateFrameworks/MediaKit.framework/Versions/A/MediaKit
0x000000000a067000 	/usr/lib/libssl.0.9.8.dylib
0x000000000a067000 	/usr/lib/libcrypto.0.9.8.dylib
0x000000000a067000 	/System/Library/Frameworks/LDAP.framework/Versions/A/LDAP
0x000000000a067000 	/usr/lib/libsasl2.2.dylib

VM Arguments:
jvm_args: -Djava.library.path=/Users/Ahoang/Desktop/SLICK_HOME/slick -Dfile.encoding=US-ASCII 
java_command: slick.tutorial.TutorialGame
Launcher Type: SUN_STANDARD

Environment Variables:
PATH=/usr/bin:/bin:/usr/sbin:/sbin
SHELL=/bin/bash
DISPLAY=/tmp/launch-ffHBDP/org.macosforge.xquartz:0

Signal Handlers:
SIGSEGV: [libjvm.dylib+0x525415], sa_mask[0]=0xfffefeff, sa_flags=0x00000043
SIGBUS: [libjvm.dylib+0x525415], sa_mask[0]=0xfffefeff, sa_flags=0x00000042
SIGFPE: [libjvm.dylib+0x41891a], sa_mask[0]=0xfffefeff, sa_flags=0x00000042
SIGPIPE: [libjvm.dylib+0x41891a], sa_mask[0]=0xfffefeff, sa_flags=0x00000042
SIGXFSZ: [libjvm.dylib+0x41891a], sa_mask[0]=0xfffefeff, sa_flags=0x00000042
SIGILL: [libjvm.dylib+0x41891a], sa_mask[0]=0xfffefeff, sa_flags=0x00000042
SIGUSR1: SIG_DFL, sa_mask[0]=0x00000000, sa_flags=0x00000002
SIGUSR2: [libjvm.dylib+0x41840c], sa_mask[0]=0x00000004, sa_flags=0x00000042
SIGHUP: [libjvm.dylib+0x41669b], sa_mask[0]=0xfffefeff, sa_flags=0x00000042
SIGINT: [libjvm.dylib+0x41669b], sa_mask[0]=0xfffefeff, sa_flags=0x00000042
SIGTERM: [libjvm.dylib+0x41669b], sa_mask[0]=0xfffefeff, sa_flags=0x00000042
SIGQUIT: [libjvm.dylib+0x41669b], sa_mask[0]=0xfffefeff, sa_flags=0x00000042


---------------  S Y S T E M  ---------------

OS:Bsduname:Darwin 12.5.0 Darwin Kernel Version 12.5.0: Sun Sep 29 13:33:47 PDT 2013; root:xnu-2050.48.12~1/RELEASE_X86_64 x86_64
rlimit: STACK 8192k, CORE 0k, NPROC 709, NOFILE 10240, AS infinity
load average:2.25 1.43 1.04

CPU:total 4 (2 cores per cpu, 2 threads per core) family 6 model 42 stepping 7, cmov, cx8, fxsr, mmx, sse, sse2, sse3, ssse3, sse4.1, sse4.2, popcnt, avx, aes, ht, tsc, tscinvbit

Memory: 4k page, physical 4194304k(1048576k free)

/proc/meminfo:


vm_info: Java HotSpot(TM) 64-Bit Server VM (24.45-b08) for bsd-amd64 JRE (1.7.0_45-b18), built on Oct  8 2013 05:54:16 by "java_re" with gcc 4.2.1 (Based on Apple Inc. build 5658) (LLVM build 2336.11.00)

time: Sat Oct 19 12:31:38 2013
elapsed time: 18 seconds

